\BOOKMARK [1][-]{section.1}{\376\377\000W\000s\000t\001\031\000p}{}% 1
\BOOKMARK [2][-]{subsection.1.1}{\376\377\000M\000o\000t\000y\000w\000a\000c\000j\000a}{section.1}% 2
\BOOKMARK [2][-]{subsection.1.2}{\376\377\000N\000a\000w\000i\001\005\000z\000a\000n\000i\000e\000\040\000d\000o\000\040\000n\000a\000t\000u\000r\000y}{section.1}% 3
\BOOKMARK [2][-]{subsection.1.3}{\376\377\000I\000n\000t\000u\000i\000c\000j\000a}{section.1}% 4
\BOOKMARK [1][-]{section.2}{\376\377\000H\000i\000s\000t\000o\000r\000i\000a\000\040\000n\000a\000u\000c\000z\000a\000n\000i\000a\000\040\000p\000r\000z\000e\000z\000\040\000w\000z\000m\000a\000c\000n\000i\000a\000n\000i\000e}{}% 5
\BOOKMARK [2][-]{subsection.2.1}{\376\377\000P\000o\000c\000z\001\005\000t\000k\000i}{section.2}% 6
\BOOKMARK [2][-]{subsection.2.2}{\376\377\000O\000d\000r\000o\000d\000z\000e\000n\000i\000e}{section.2}% 7
\BOOKMARK [2][-]{subsection.2.3}{\376\377\000H\000i\000s\000t\000o\000r\000i\000a\000\040\000z\000a\000s\000t\000o\000s\000o\000w\000a\001\104\000\040\000w\000\040\000g\000r\000a\000c\000h}{section.2}% 8
\BOOKMARK [1][-]{section.3}{\376\377\000C\000z\000y\000m\000\040\000j\000e\000s\000t\000\040\000n\000a\000u\000c\000z\000a\000n\000i\000e\000\040\000p\000r\000z\000e\000z\000\040\000w\000z\000m\000a\000c\000n\000i\000a\000n\000i\000e}{}% 9
\BOOKMARK [2][-]{subsection.3.1}{\376\377\000N\000a\000u\000c\000z\000a\000n\000i\000e\000\040\000n\000a\000d\000z\000o\000r\000o\000w\000a\000n\000e}{section.3}% 10
\BOOKMARK [2][-]{subsection.3.2}{\376\377\000N\000a\000u\000c\000z\000a\000n\000i\000e\000\040\000n\000i\000e\000n\000a\000d\000z\000o\000r\000o\000w\000a\000n\000e}{section.3}% 11
\BOOKMARK [2][-]{subsection.3.3}{\376\377\000N\000a\000u\000c\000z\000a\000n\000i\000e\000\040\000s\000e\000k\000w\000e\000n\000c\000y\000j\000n\000e}{section.3}% 12
\BOOKMARK [1][-]{section.4}{\376\377\000E\000l\000e\000m\000e\000n\000t\000y\000\040\000n\000a\000u\000c\000z\000a\000n\000i\000a\000\040\000p\000r\000z\000e\000z\000\040\000w\000z\000m\000a\000c\000n\000i\000a\000n\000i\000e}{}% 13
\BOOKMARK [2][-]{subsection.4.1}{\376\377\000P\000o\000l\000i\000t\000y\000k\000a}{section.4}% 14
\BOOKMARK [2][-]{subsection.4.2}{\376\377\000N\000a\000g\000r\000o\000d\000y}{section.4}% 15
\BOOKMARK [2][-]{subsection.4.3}{\376\377\000F\000u\000n\000k\000c\000j\000a\000\040\000w\000a\000r\000t\000o\001\133\000c\000i}{section.4}% 16
\BOOKMARK [2][-]{subsection.4.4}{\376\377\000M\000o\000d\000e\000l\000\040\001\133\000r\000o\000d\000o\000w\000i\000s\000k\000a}{section.4}% 17
\BOOKMARK [1][-]{section.5}{\376\377\000P\000r\000z\000y\000k\001\102\000a\000d\000\040\000n\000a\000u\000c\000z\000a\000n\000i\000a\000\040\000p\000r\000z\000e\000z\000\040\000w\000z\000m\000a\000c\000n\000i\000a\000n\000i\000e}{}% 18
\BOOKMARK [2][-]{subsection.5.1}{\376\377\000G\000r\000a\000\040\000w\000\040\000s\000z\000a\000c\000h\000y}{section.5}% 19
\BOOKMARK [2][-]{subsection.5.2}{\376\377\000R\000o\000b\000o\000t\000\040\000s\000p\000r\000z\001\005\000t\000a\000j\001\005\000c\000y}{section.5}% 20
\BOOKMARK [2][-]{subsection.5.3}{\376\377\000S\000y\000s\000t\000e\000m\000\040\000r\000e\000k\000o\000m\000e\000n\000d\000a\000c\000j\000i\000\040\000\050\000n\000p\000.\000\040\000Y\000o\000u\000t\000u\000b\000e\000,\000\040\000N\000e\000t\000f\000l\000i\000x\000\051}{section.5}% 21
\BOOKMARK [1][-]{section.6}{\376\377\000P\000r\000o\000c\000e\000s\000\040\000d\000e\000c\000y\000z\000y\000j\000n\000y\000\040\000M\000a\000r\000k\000o\000w\000a}{}% 22
\BOOKMARK [2][-]{subsection.6.1}{\376\377\000E\000l\000e\000m\000e\000n\000t\000y\000\040\000M\000D\000P}{section.6}% 23
\BOOKMARK [2][-]{subsection.6.2}{\376\377\000W\001\102\000a\000s\000n\000o\001\133\001\007\000\040\000M\000a\000r\000k\000o\000w\000a}{section.6}% 24
\BOOKMARK [1][-]{section.7}{\376\377\000P\000o\000l\000i\000t\000y\000k\000a\000\040\000-\000\040\000P\000o\000d\000e\000j\001\133\000c\000i\000e\000\040\000T\000a\000b\000u\000l\000a\000r\000y\000c\000z\000n\000e}{}% 25
\BOOKMARK [2][-]{subsection.7.1}{\376\377\000Q\000-\000T\000a\000b\000e\000l\000a}{section.7}% 26
\BOOKMARK [2][-]{subsection.7.2}{\376\377\000A\000k\000t\000u\000a\000l\000i\000z\000o\000w\000a\000n\000i\000e\000\040\000w\000a\000r\000t\000o\001\133\000c\000i\000\040\000Q\000-\000T\000a\000b\000e\000l\000i}{section.7}% 27
\BOOKMARK [3][-]{subsubsection.7.2.1}{\376\377\000N\000a\000t\000y\000c\000h\000m\000i\000a\000s\000t\000o\000w\000a\000\040\000n\000a\000g\000r\000o\000d\000a}{subsection.7.2}% 28
\BOOKMARK [3][-]{subsubsection.7.2.2}{\376\377\000P\000r\000z\000y\000s\000z\001\102\000e\000\040\000n\000a\000g\000r\000o\000d\000y}{subsection.7.2}% 29
\BOOKMARK [3][-]{subsubsection.7.2.3}{\376\377\000W\000a\000g\000a\000\040\000p\000r\000z\000y\000s\000z\001\102\000y\000c\000h\000\040\000n\000a\000g\000r\000\363\000d\000\040\000-\000\040\000W\000s\000p\000\363\001\102\000c\000z\000y\000n\000n\000i\000k\000\040\000d\000y\000s\000k\000o\000n\000t\000o\000w\000a\000n\000i\000a}{subsection.7.2}% 30
\BOOKMARK [3][-]{subsubsection.7.2.4}{\376\377\000W\000s\000p\000\363\001\102\000c\000z\000y\000n\000n\000i\000k\000\040\000u\000c\000z\000e\000n\000i\000a}{subsection.7.2}% 31
\BOOKMARK [3][-]{subsubsection.7.2.5}{\376\377\000R\000\363\000w\000n\000a\000n\000i\000e\000\040\000B\000e\000l\000l\000m\000a\000n\000a}{subsection.7.2}% 32
\BOOKMARK [1][-]{section.8}{\376\377\000E\000k\000s\000p\000l\000o\000r\000a\000c\000j\000a\000,\000\040\000E\000k\000s\000p\000l\000o\000a\000t\000a\000c\000j\000a}{}% 33
\BOOKMARK [2][-]{subsection.8.1}{\376\377\000W\000s\000p\000\363\001\102\000c\000z\000y\000n\000n\000i\000k\000\040\000e\000k\000s\000p\000l\000o\000r\000a\000c\000j\000i}{section.8}% 34
\BOOKMARK [2][-]{subsection.8.2}{\376\377\000Z\000m\000i\000a\000n\000a\000\040\000w\000s\000p\000\363\001\102\000c\000z\000y\000n\000n\000i\000k\000a\000\040\000e\000k\000s\000p\000l\000o\000r\000a\000c\000j\000i\000\040\000p\000o\000d\000c\000z\000a\000s\000\040\000u\000c\000z\000e\000n\000i\000a}{section.8}% 35
\BOOKMARK [1][-]{section.9}{\376\377\000P\000o\000l\000i\000t\000y\000k\000a\000\040\000j\000a\000k\000o\000\040\000s\000i\000e\001\007\000\040\000n\000e\000u\000r\000o\000n\000o\000w\000a\000\040\000-\000\040\000D\000e\000e\000p\000\040\000R\000e\000i\000n\000f\000o\000r\000c\000e\000m\000e\000n\000t\000\040\000L\000e\000a\000r\000n\000i\000n\000g}{}% 36
\BOOKMARK [2][-]{subsection.9.1}{\376\377\000D\000e\000e\000p\000\040\000Q\000-\000N\000e\000t\000w\000o\000r\000k}{section.9}% 37
\BOOKMARK [2][-]{subsection.9.2}{\376\377\000D\000l\000a\000c\000z\000e\000g\000o\000\040\000s\000i\000e\001\007\000\040\000n\000e\000u\000r\000o\000n\000o\000w\000a\000?}{section.9}% 38
\BOOKMARK [3][-]{subsubsection.9.2.1}{\376\377\001\132\000r\000o\000d\000o\000w\000i\000s\000k\000a\000\040\000c\000i\001\005\000g\001\102\000e}{subsection.9.2}% 39
\BOOKMARK [3][-]{subsubsection.9.2.2}{\376\377\000P\000r\000z\000e\000w\000i\000d\000y\000w\000a\000n\000i\000e\000\040\000d\000l\000a\000\040\000p\000o\000d\000o\000b\000n\000y\000c\000h\000\040\000s\000t\000a\000n\000\363\000w}{subsection.9.2}% 40
\BOOKMARK [3][-]{subsubsection.9.2.3}{\376\377\001\132\000r\000o\000d\000o\000w\000i\000s\000k\000a\000\040\000z\000\040\000d\000u\001\174\001\005\000\040\000l\000i\000c\000z\000b\001\005\000\040\000s\000t\000a\000n\000\363\000w}{subsection.9.2}% 41
\BOOKMARK [2][-]{subsection.9.3}{\376\377\000W\000a\000d\000y\000\040\000n\000a\000u\000c\000z\000a\000n\000i\000a\000\040\000g\001\102\001\031\000b\000o\000k\000i\000e\000g\000o}{section.9}% 42
\BOOKMARK [3][-]{subsubsection.9.3.1}{\376\377\000Z\001\102\000o\001\174\000o\000n\000o\001\133\001\007\000\040\000o\000b\000l\000i\000c\000z\000e\000n\000i\000o\000w\000a}{subsection.9.3}% 43
\BOOKMARK [3][-]{subsubsection.9.3.2}{\376\377\000P\000r\000z\000e\000j\000r\000z\000y\000s\000t\000o\001\133\001\007}{subsection.9.3}% 44
\BOOKMARK [3][-]{subsubsection.9.3.3}{\376\377\000S\000t\000a\000b\000i\000l\000n\000o\001\133\001\007}{subsection.9.3}% 45
\BOOKMARK [2][-]{subsection.9.4}{\376\377\000D\000o\000u\000b\000l\000e\000\040\000D\000Q\000N}{section.9}% 46
\BOOKMARK [1][-]{section.10}{\376\377\000G\000r\000a\000\040\000T\000a\000x\000i}{}% 47
\BOOKMARK [2][-]{subsection.10.1}{\376\377\000C\000e\000l\000\040\000g\000r\000y}{section.10}% 48
\BOOKMARK [2][-]{subsection.10.2}{\376\377\000P\000r\000z\000y\000k\001\102\000a\000d\000o\000w\000a\000\040\000p\000l\000a\000n\000s\000z\000a}{section.10}% 49
\BOOKMARK [2][-]{subsection.10.3}{\376\377\000E\000l\000e\000m\000e\000n\000t\000y\000\040\000g\000r\000y}{section.10}% 50
